<?xml version="1.0" encoding="UTF-8"?>
<!-- Generated by org.testng.reporters.JUnitReportReporter -->
<testsuite hostname="DESKTOP-GFU6O22" failures="0" tests="1" name="com.simpletests.Tests_testng" time="1.698" errors="0" timestamp="2024-05-01T11:03:23 IST" skipped="0">
  <testcase classname="com.simpletests.Tests_testng" name="listUser" time="1.698"/>
  <system-out/>
</testsuite> <!-- com.simpletests.Tests_testng -->
